<?xml version="1.0" encoding="UTF-8"?>
<testng-results skipped="0" failed="0" ignored="0" total="1" passed="1">
  <reporter-output>
  </reporter-output>
  <suite name="Default suite" duration-ms="24081" started-at="2019-11-28T09:26:12 IST" finished-at="2019-11-28T09:26:36 IST">
    <groups>
    </groups>
    <test name="Default test" duration-ms="24081" started-at="2019-11-28T09:26:12 IST" finished-at="2019-11-28T09:26:36 IST">
      <class name="com.training.sanity.tests.ELTC_006Test">
        <test-method status="PASS" signature="setUpBeforeClass()[pri:0, instance:com.training.sanity.tests.ELTC_006Test@49fc609f]" name="setUpBeforeClass" is-config="true" duration-ms="27" started-at="2019-11-28T09:26:12 IST" finished-at="2019-11-28T09:26:12 IST">
          <reporter-output>
          </reporter-output>
        </test-method> <!-- setUpBeforeClass -->
        <test-method status="PASS" signature="setUp()[pri:0, instance:com.training.sanity.tests.ELTC_006Test@49fc609f]" name="setUp" is-config="true" duration-ms="16845" started-at="2019-11-28T09:26:12 IST" finished-at="2019-11-28T09:26:29 IST">
          <reporter-output>
          </reporter-output>
        </test-method> <!-- setUp -->
        <test-method status="PASS" signature="validLoginTest()[pri:0, instance:com.training.sanity.tests.ELTC_006Test@49fc609f]" name="validLoginTest" duration-ms="5055" started-at="2019-11-28T09:26:29 IST" finished-at="2019-11-28T09:26:34 IST">
          <reporter-output>
          </reporter-output>
        </test-method> <!-- validLoginTest -->
        <test-method status="PASS" signature="tearDown()[pri:0, instance:com.training.sanity.tests.ELTC_006Test@49fc609f]" name="tearDown" is-config="true" duration-ms="2099" started-at="2019-11-28T09:26:34 IST" finished-at="2019-11-28T09:26:36 IST">
          <reporter-output>
          </reporter-output>
        </test-method> <!-- tearDown -->
      </class> <!-- com.training.sanity.tests.ELTC_006Test -->
    </test> <!-- Default test -->
  </suite> <!-- Default suite -->
</testng-results>
